c:\users\user\desktop\obs\obs\x64\debug\vc142.pdb
c:\users\user\desktop\obs\obs\x64\debug\vc142.idb
c:\users\user\desktop\obs\obs\x64\debug\state.obj
c:\users\user\desktop\obs\obs\x64\debug\obs.obj
c:\users\user\source\repos\obs\obs\x64\debug\vc142.pdb
c:\users\user\source\repos\obs\obs\x64\debug\vc142.idb
c:\users\user\source\repos\obs\obs\x64\debug\obs.obj
c:\users\user\source\repos\obs\obs\x64\debug\observer.obj
c:\users\user\source\repos\obs\obs\x64\debug\ifileeditor.obj
c:\users\user\desktop\obs\obs\x64\debug\obs.ilk
c:\users\user\desktop\obs\x64\debug\obs.exe
c:\users\user\desktop\obs\x64\debug\obs.pdb
c:\users\user\source\repos\obs\obs\x64\debug\state.obj
c:\users\user\source\repos\obs\obs\x64\debug\obs.obj.enc
c:\users\user\source\repos\obs\obs\x64\debug\obs.ilk
c:\users\user\source\repos\obs\obs\x64\debug\vc143.idb
c:\users\user\source\repos\obs\obs\x64\debug\vc143.pdb
c:\users\user\source\repos\obs\x64\debug\obs.pdb
c:\users\user\source\repos\obs\x64\debug\obs.exe
c:\users\user\source\repos\obs\obs\x64\debug\obs.tlog\cl.command.1.tlog
c:\users\user\source\repos\obs\obs\x64\debug\obs.tlog\cl.read.1.tlog
c:\users\user\source\repos\obs\obs\x64\debug\obs.tlog\cl.write.1.tlog
c:\users\user\source\repos\obs\obs\x64\debug\obs.tlog\link.command.1.tlog
c:\users\user\source\repos\obs\obs\x64\debug\obs.tlog\link.read.1.tlog
c:\users\user\source\repos\obs\obs\x64\debug\obs.tlog\link.write.1.tlog
